<?xml version="1.0" encoding="UTF-8"?>
<testng-results skipped="0" failed="0" total="1" passed="1">
  <reporter-output>
  </reporter-output>
  <suite name="Default suite" duration-ms="2244" started-at="2018-09-17T13:34:59Z" finished-at="2018-09-17T13:35:02Z">
    <groups>
    </groups>
    <test name="Default test" duration-ms="2244" started-at="2018-09-17T13:34:59Z" finished-at="2018-09-17T13:35:02Z">
      <class name="TEST1.ExcelfileHandling">
        <test-method status="PASS" signature="excel()[pri:0, instance:TEST1.ExcelfileHandling@f4468b]" name="excel" duration-ms="2192" started-at="2018-09-17T19:04:59Z" finished-at="2018-09-17T19:05:02Z">
          <reporter-output>
          </reporter-output>
        </test-method> <!-- excel -->
      </class> <!-- TEST1.ExcelfileHandling -->
    </test> <!-- Default test -->
  </suite> <!-- Default suite -->
</testng-results>
